0 info it worked if it ends with ok
1 verbose cli [ '/Users/carles/.nvm/versions/node/v6.7.0/bin/node',
1 verbose cli   '/Users/carles/.nvm/versions/node/v6.7.0/bin/npm',
1 verbose cli   'publish' ]
2 info using npm@3.10.3
3 info using node@v6.7.0
4 verbose publish [ '.' ]
5 silly cache add args [ '.', null ]
6 verbose cache add spec .
7 silly cache add parsed spec Result {
7 silly cache add   raw: '.',
7 silly cache add   scope: null,
7 silly cache add   escapedName: null,
7 silly cache add   name: null,
7 silly cache add   rawSpec: '.',
7 silly cache add   spec: '/Users/carles/www/grpc-promise',
7 silly cache add   type: 'directory' }
8 verbose addLocalDirectory /Users/carles/.npm/grpc-promise/1.0.0/package.tgz not in flight; packing
9 verbose correctMkdir /Users/carles/.npm correctMkdir not in flight; initializing
10 info lifecycle grpc-promise@1.0.0~prepublish: grpc-promise@1.0.0
11 silly lifecycle grpc-promise@1.0.0~prepublish: no script for prepublish, continuing
12 verbose tar pack [ '/Users/carles/.npm/grpc-promise/1.0.0/package.tgz',
12 verbose tar pack   '/Users/carles/www/grpc-promise' ]
13 verbose tarball /Users/carles/.npm/grpc-promise/1.0.0/package.tgz
14 verbose folder /Users/carles/www/grpc-promise
15 verbose addLocalTarball adding from inside cache /Users/carles/.npm/grpc-promise/1.0.0/package.tgz
16 verbose correctMkdir /Users/carles/.npm correctMkdir not in flight; initializing
17 silly cache afterAdd grpc-promise@1.0.0
18 verbose afterAdd /Users/carles/.npm/grpc-promise/1.0.0/package/package.json not in flight; writing
19 verbose correctMkdir /Users/carles/.npm correctMkdir not in flight; initializing
20 verbose afterAdd /Users/carles/.npm/grpc-promise/1.0.0/package/package.json written
21 silly publish { name: 'grpc-promise',
21 silly publish   version: '1.0.0',
21 silly publish   description: 'GRPC promisify module for all Request/Response types: standard and stream',
21 silly publish   main: 'lib/index.js',
21 silly publish   scripts: { test: 'gulp test' },
21 silly publish   repository:
21 silly publish    { type: 'git',
21 silly publish      url: 'git+https://github.com/carlessistare/grpc-promise.git' },
21 silly publish   keywords: [ 'grpc-promise', 'grpc', 'promise', 'promisify', 'functional' ],
21 silly publish   author: { name: 'Carles Sistare' },
21 silly publish   license: 'MIT',
21 silly publish   bugs: { url: 'https://github.com/carlessistare/grpc-promise/issues' },
21 silly publish   homepage: 'https://github.com/carlessistare/grpc-promise#readme',
21 silly publish   devDependencies:
21 silly publish    { eslint: '3.19.0',
21 silly publish      'eslint-config-google': '^0.7.1',
21 silly publish      gulp: '3.9.1',
21 silly publish      'gulp-eslint': '3.0.1',
21 silly publish      'gulp-mocha': '4.3.0',
21 silly publish      mocha: '3.2.0' },
21 silly publish   readme: '# grpc-promise\n\n[![Build Status](https://travis-ci.org/carlessistare/grpc-promise.svg?branch=master)](https://travis-ci.org/carlessistare/grpc-promise)\n[![Coverage Status](https://coveralls.io/repos/github/carlessistare/grpc-promise/badge.svg?branch=master)](https://coveralls.io/github/carlessistare/grpc-promise?branch=master)\n\n[![NPM](https://nodei.co/npm/grpc-promise.png)](https://nodei.co/npm/grpc-promise/)\n[![NPM](https://nodei.co/npm-dl/grpc-promise.png?height=3)](https://nodei.co/npm/grpc-promise/)\n\n\n## [gRPC](http://www.grpc.io/)\n\nHigh performance, open source, general-purpose RPC framework\n\n**Calling service types**\n\n- *Simple RPC:* one single asynchronous call\n- *Streaming RPC:* one stream is used for the call\n\n## grpc-promise \n\nGRPC promisify module for all Request/Response types: standard and stream\n\n## Installation\n\n```sh\n$ npm install grpc-promise\n```\n\n## MIT License\n\nCopyright (c) 2017 Carles Sistare\n\nPermission is hereby granted, free of charge, to any person obtaining a copy\nof this software and associated documentation files (the "Software"), to deal\nin the Software without restriction, including without limitation the rights\nto use, copy, modify, merge, publish, distribute, sublicense, and/or sell\ncopies of the Software, and to permit persons to whom the Software is\nfurnished to do so, subject to the following conditions:\n\nThe above copyright notice and this permission notice shall be included in all\ncopies or substantial portions of the Software.\n\nTHE SOFTWARE IS PROVIDED "AS IS", WITHOUT WARRANTY OF ANY KIND, EXPRESS OR\nIMPLIED, INCLUDING BUT NOT LIMITED TO THE WARRANTIES OF MERCHANTABILITY,\nFITNESS FOR A PARTICULAR PURPOSE AND NONINFRINGEMENT. IN NO EVENT SHALL THE\nAUTHORS OR COPYRIGHT HOLDERS BE LIABLE FOR ANY CLAIM, DAMAGES OR OTHER\nLIABILITY, WHETHER IN AN ACTION OF CONTRACT, TORT OR OTHERWISE, ARISING FROM,\nOUT OF OR IN CONNECTION WITH THE SOFTWARE OR THE USE OR OTHER DEALINGS IN THE\nSOFTWARE.',
21 silly publish   readmeFilename: 'README.md',
21 silly publish   gitHead: '0e64d934b7ea32a168611b596a727b590f9c8f7f',
21 silly publish   _id: 'grpc-promise@1.0.0',
21 silly publish   _shasum: '9239827d10675cd43263a27b6a912502ac1bf3ba',
21 silly publish   _from: '.' }
22 verbose getPublishConfig undefined
23 silly mapToRegistry name grpc-promise
24 silly mapToRegistry using default registry
25 silly mapToRegistry registry https://registry.npmjs.org/
26 silly mapToRegistry data Result {
26 silly mapToRegistry   raw: 'grpc-promise',
26 silly mapToRegistry   scope: null,
26 silly mapToRegistry   escapedName: 'grpc-promise',
26 silly mapToRegistry   name: 'grpc-promise',
26 silly mapToRegistry   rawSpec: '',
26 silly mapToRegistry   spec: 'latest',
26 silly mapToRegistry   type: 'tag' }
27 silly mapToRegistry uri https://registry.npmjs.org/grpc-promise
28 verbose publish registryBase https://registry.npmjs.org/
29 silly publish uploading /Users/carles/.npm/grpc-promise/1.0.0/package.tgz
30 verbose request uri https://registry.npmjs.org/grpc-promise
31 verbose request sending authorization for write operation
32 info attempt registry request try #1 at 7:05:43 PM
33 verbose request using bearer token for auth
34 verbose request id fdcaa06abdf0e467
35 http request PUT https://registry.npmjs.org/grpc-promise
36 http 403 https://registry.npmjs.org/grpc-promise
37 verbose headers { 'content-type': 'application/json',
37 verbose headers   'cache-control': 'max-age=300',
37 verbose headers   'content-length': '95',
37 verbose headers   'accept-ranges': 'bytes',
37 verbose headers   date: 'Sun, 23 Apr 2017 17:05:44 GMT',
37 verbose headers   via: '1.1 varnish',
37 verbose headers   connection: 'keep-alive',
37 verbose headers   'x-served-by': 'cache-cdg8731-CDG',
37 verbose headers   'x-cache': 'MISS',
37 verbose headers   'x-cache-hits': '0',
37 verbose headers   'x-timer': 'S1492967143.428270,VS0,VE922',
37 verbose headers   vary: 'Accept-Encoding' }
38 verbose request invalidating /Users/carles/.npm/registry.npmjs.org/grpc-promise on PUT
39 error publish Failed PUT 403
40 verbose stack Error: "You cannot publish over the previously published version 1.0.0." : grpc-promise
40 verbose stack     at makeError (/Users/carles/.nvm/versions/node/v6.7.0/lib/node_modules/npm/node_modules/npm-registry-client/lib/request.js:264:12)
40 verbose stack     at CachingRegistryClient.<anonymous> (/Users/carles/.nvm/versions/node/v6.7.0/lib/node_modules/npm/node_modules/npm-registry-client/lib/request.js:252:14)
40 verbose stack     at Request._callback (/Users/carles/.nvm/versions/node/v6.7.0/lib/node_modules/npm/node_modules/npm-registry-client/lib/request.js:172:14)
40 verbose stack     at Request.self.callback (/Users/carles/.nvm/versions/node/v6.7.0/lib/node_modules/npm/node_modules/request/request.js:200:22)
40 verbose stack     at emitTwo (events.js:106:13)
40 verbose stack     at Request.emit (events.js:191:7)
40 verbose stack     at Request.<anonymous> (/Users/carles/.nvm/versions/node/v6.7.0/lib/node_modules/npm/node_modules/request/request.js:1067:10)
40 verbose stack     at emitOne (events.js:101:20)
40 verbose stack     at Request.emit (events.js:188:7)
40 verbose stack     at IncomingMessage.<anonymous> (/Users/carles/.nvm/versions/node/v6.7.0/lib/node_modules/npm/node_modules/request/request.js:988:12)
41 verbose statusCode 403
42 verbose pkgid grpc-promise
43 verbose cwd /Users/carles/www/grpc-promise
44 error Darwin 16.5.0
45 error argv "/Users/carles/.nvm/versions/node/v6.7.0/bin/node" "/Users/carles/.nvm/versions/node/v6.7.0/bin/npm" "publish"
46 error node v6.7.0
47 error npm  v3.10.3
48 error code E403
49 error "You cannot publish over the previously published version 1.0.0." : grpc-promise
50 error If you need help, you may report this error at:
50 error     <https://github.com/npm/npm/issues>
51 verbose exit [ 1, true ]
